<?xml version="1.0" encoding="UTF-8"?>
<!-- Generated by org.testng.reporters.JUnitXMLReporter -->
<testsuite ignored="3" hostname="Nabila-Mubeen-Dell" failures="2" tests="7" name="Login And Logout" time="65.389" errors="0" timestamp="2024-11-06T13:23:18 PKT">
  <testcase classname="general.BaseTest" name="@AfterMethod QuitDriver" time="0.533">
    <failure type="java.lang.NullPointerException" message="Cannot invoke &amp;quot;com.venturedive.base.config.jira.JiraServiceProvider.createJiraTicketmobile(String, String, String, String, java.io.File)&amp;quot; because &amp;quot;com.venturedive.base.utility.JIRA.jiraSp&amp;quot; is null">
      <![CDATA[java.lang.NullPointerException: Cannot invoke "com.venturedive.base.config.jira.JiraServiceProvider.createJiraTicketmobile(String, String, String, String, java.io.File)" because "com.venturedive.base.utility.JIRA.jiraSp" is null
at com.venturedive.base.utility.JIRA.PostMobileIssuesJira(JIRA.java:242)
at general.BaseTest.QuitDriver(BaseTest.java:107)
at java.base/java.util.ArrayList.forEach(ArrayList.java:1596)
... Removed 30 stack frames]]>
    </failure>
  </testcase> <!-- @AfterMethod QuitDriver -->
  <testcase classname="general.BaseTest" name="@BeforeMethod beforeTest" time="-1.730881333625E9">
    <skipped/>
  </testcase> <!-- @BeforeMethod beforeTest -->
  <testcase classname="general.BaseTest" name="@AfterMethod QuitDriver" time="-1.730881333659E9">
    <skipped/>
  </testcase> <!-- @AfterMethod QuitDriver -->
  <testcase classname="general.BaseTest" name="@BeforeMethod beforeTest" time="-1.730881333663E9">
    <skipped/>
  </testcase> <!-- @BeforeMethod beforeTest -->
  <testcase classname="general.BaseTest" name="@AfterMethod QuitDriver" time="-1.730881333685E9">
    <skipped/>
  </testcase> <!-- @AfterMethod QuitDriver -->
  <testcase classname="general.BaseTest" name="@AfterMethod QuitDriver" time="0.239">
    <failure type="java.lang.NullPointerException" message="Cannot invoke &amp;quot;com.venturedive.base.config.jira.JiraServiceProvider.createJiraTicketmobile(String, String, String, String, java.io.File)&amp;quot; because &amp;quot;com.venturedive.base.utility.JIRA.jiraSp&amp;quot; is null">
      <![CDATA[java.lang.NullPointerException: Cannot invoke "com.venturedive.base.config.jira.JiraServiceProvider.createJiraTicketmobile(String, String, String, String, java.io.File)" because "com.venturedive.base.utility.JIRA.jiraSp" is null
at com.venturedive.base.utility.JIRA.PostMobileIssuesJira(JIRA.java:242)
at general.BaseTest.QuitDriver(BaseTest.java:107)
at java.base/java.util.ArrayList.forEach(ArrayList.java:1596)
... Removed 30 stack frames]]>
    </failure>
  </testcase> <!-- @AfterMethod QuitDriver -->
  <testcase classname="testcases.LoginTests" name="loginIntoApplication" time="0.163">
    <failure type="java.lang.NullPointerException" message="Cannot invoke &amp;quot;java.sql.Connection.createStatement()&amp;quot; because &amp;quot;this.dbConnection&amp;quot; is null">
      <![CDATA[java.lang.NullPointerException: Cannot invoke "java.sql.Connection.createStatement()" because "this.dbConnection" is null
at com.venturedive.base.database.connection.DbOperation.getResult(DbOperation.java:27)
at objects.LoginPage.dataBaseQuery(LoginPage.java:147)
at testcases.LoginTests.loginIntoApplication(LoginTests.java:13)
at java.base/java.util.ArrayList.forEach(ArrayList.java:1596)
... Removed 25 stack frames]]>
    </failure>
  </testcase> <!-- loginIntoApplication -->
  <testcase classname="testcases.LoginTests" name="Scrolling" time="0.0">
    <skipped/>
  </testcase> <!-- Scrolling -->
  <testcase classname="testcases.LoginTests" name="ListBoxDemo" time="0.0">
    <skipped/>
  </testcase> <!-- ListBoxDemo -->
  <testcase classname="testcases.TrainingSession" name="AlertWindow" time="8.546"/>
  <testcase classname="testcases.TrainingSession" name="Slider" time="16.581"/>
  <testcase classname="testcases.TrainingSession" name="JavaScriptAlert" time="26.15"/>
  <testcase classname="testcases.TrainingSession" name="InputForm" time="12.988">
    <failure type="org.openqa.selenium.ElementClickInterceptedException" message="element click intercepted: Element &amp;lt;button id=&amp;quot;submitbtn&amp;quot; type=&amp;quot;submit&amp;quot; class=&amp;quot;btn btn-primary&amp;quot; name=&amp;quot;signup&amp;quot; value=&amp;quot;sign up&amp;quot;&amp;gt;...&amp;lt;/button&amp;gt; is not clickable at point (692, 670). Other element would receive the click: &amp;lt;iframe id=&amp;quot;aswift_2&amp;quot; name=&amp;quot;aswift_2&amp;quot; browsingtopics=&amp;quot;true&amp;quot; style=&amp;quot;width: 728px !important; height: 90px !important; display: block; margin: 0px auto;&amp;quot; sandbox=&amp;quot;allow-forms allow-popups allow-popups-to-escape-sandbox allow-same-origin allow-scripts allow-top-navigation-by-user-activation&amp;quot; width=&amp;quot;728&amp;quot; height=&amp;quot;90&amp;quot; frameborder=&amp;quot;0&amp;quot; marginwidth=&amp;quot;0&amp;quot; marginheight=&amp;quot;0&amp;quot; vspace=&amp;quot;0&amp;quot; hspace=&amp;quot;0&amp;quot; allowtransparency=&amp;quot;true&amp;quot; scrolling=&amp;quot;no&amp;quot; allow=&amp;quot;attribution-reporting; run-ad-auction&amp;quot; src=&amp;quot;https://googleads.g.doubleclick.net/pagead/html/r20241030/r20190131/zrt_lookup_fy2021.html#RS-0-&amp;amp;amp;adk=1812271801&amp;amp;amp;client=ca-pub-9173866185064071&amp;amp;amp;fa=1&amp;amp;amp;ifi=3&amp;amp;amp;uci=a!3&amp;amp;amp;btvi=1&amp;quot; data-google-container-id=&amp;quot;a!3&amp;quot; tabindex=&amp;quot;0&amp;quot; title=&amp;quot;Advertisement&amp;quot; aria-label=&amp;quot;Advertisement&amp;quot; data-google-query-id=&amp;quot;CKLq2NKjx4kDFQ4AaAgdMeQG6g&amp;quot; data-load-complete=&amp;quot;true&amp;quot;&amp;gt;&amp;lt;/iframe&amp;gt;
  (Session info: chrome=130.0.6723.116)
Build info: version: &amp;apos;3.141.59&amp;apos;, revision: &amp;apos;e82be7d358&amp;apos;, time: &amp;apos;2018-11-14T08:17:03&amp;apos;
System info: host: &amp;apos;NABILA-MUBEEN-D&amp;apos;, ip: &amp;apos;192.168.0.108&amp;apos;, os.name: &amp;apos;Windows 10&amp;apos;, os.arch: &amp;apos;amd64&amp;apos;, os.version: &amp;apos;10.0&amp;apos;, java.version: &amp;apos;21.0.4&amp;apos;
Driver info: org.openqa.selenium.chrome.ChromeDriver
Capabilities {acceptInsecureCerts: false, browserName: chrome, browserVersion: 130.0.6723.116, chrome: {chromedriverVersion: 130.0.6723.93 (dbcf0550c05e..., userDataDir: C:\Users\NABILA~1.MUB\AppDa...}, fedcm:accounts: true, goog:chromeOptions: {debuggerAddress: localhost:56880}, javascriptEnabled: true, networkConnectionEnabled: false, pageLoadStrategy: normal, platform: WINDOWS, platformName: WINDOWS, proxy: Proxy(), setWindowRect: true, strictFileInteractability: false, timeouts: {implicit: 0, pageLoad: 300000, script: 30000}, unhandledPromptBehavior: dismiss and notify, webauthn:extension:credBlob: true, webauthn:extension:largeBlob: true, webauthn:extension:minPinLength: true, webauthn:extension:prf: true, webauthn:virtualAuthenticators: true}
Session ID: b3d3f0b0aac0d63c4101d8fe30f5f3d7">
      <![CDATA[org.openqa.selenium.ElementClickInterceptedException: element click intercepted: Element <button id="submitbtn" type="submit" class="btn btn-primary" name="signup" value="sign up">...</button> is not clickable at point (692, 670). Other element would receive the click: <iframe id="aswift_2" name="aswift_2" browsingtopics="true" style="width: 728px !important; height: 90px !important; display: block; margin: 0px auto;" sandbox="allow-forms allow-popups allow-popups-to-escape-sandbox allow-same-origin allow-scripts allow-top-navigation-by-user-activation" width="728" height="90" frameborder="0" marginwidth="0" marginheight="0" vspace="0" hspace="0" allowtransparency="true" scrolling="no" allow="attribution-reporting; run-ad-auction" src="https://googleads.g.doubleclick.net/pagead/html/r20241030/r20190131/zrt_lookup_fy2021.html#RS-0-&amp;adk=1812271801&amp;client=ca-pub-9173866185064071&amp;fa=1&amp;ifi=3&amp;uci=a!3&amp;btvi=1" data-google-container-id="a!3" tabindex="0" title="Advertisement" aria-label="Advertisement" data-google-query-id="CKLq2NKjx4kDFQ4AaAgdMeQG6g" data-load-complete="true"></iframe>
  (Session info: chrome=130.0.6723.116)
Build info: version: '3.141.59', revision: 'e82be7d358', time: '2018-11-14T08:17:03'
System info: host: 'NABILA-MUBEEN-D', ip: '192.168.0.108', os.name: 'Windows 10', os.arch: 'amd64', os.version: '10.0', java.version: '21.0.4'
Driver info: org.openqa.selenium.chrome.ChromeDriver
Capabilities {acceptInsecureCerts: false, browserName: chrome, browserVersion: 130.0.6723.116, chrome: {chromedriverVersion: 130.0.6723.93 (dbcf0550c05e..., userDataDir: C:\Users\NABILA~1.MUB\AppDa...}, fedcm:accounts: true, goog:chromeOptions: {debuggerAddress: localhost:56880}, javascriptEnabled: true, networkConnectionEnabled: false, pageLoadStrategy: normal, platform: WINDOWS, platformName: WINDOWS, proxy: Proxy(), setWindowRect: true, strictFileInteractability: false, timeouts: {implicit: 0, pageLoad: 300000, script: 30000}, unhandledPromptBehavior: dismiss and notify, webauthn:extension:credBlob: true, webauthn:extension:largeBlob: true, webauthn:extension:minPinLength: true, webauthn:extension:prf: true, webauthn:virtualAuthenticators: true}
Session ID: b3d3f0b0aac0d63c4101d8fe30f5f3d7
at org.openqa.selenium.remote.http.W3CHttpResponseCodec.createException(W3CHttpResponseCodec.java:187)
at org.openqa.selenium.remote.http.W3CHttpResponseCodec.decode(W3CHttpResponseCodec.java:122)
at org.openqa.selenium.remote.http.W3CHttpResponseCodec.decode(W3CHttpResponseCodec.java:49)
at org.openqa.selenium.remote.HttpCommandExecutor.execute(HttpCommandExecutor.java:158)
at org.openqa.selenium.remote.service.DriverCommandExecutor.execute(DriverCommandExecutor.java:83)
at org.openqa.selenium.remote.RemoteWebDriver.execute(RemoteWebDriver.java:552)
at org.openqa.selenium.remote.RemoteWebElement.execute(RemoteWebElement.java:285)
at org.openqa.selenium.remote.RemoteWebElement.click(RemoteWebElement.java:84)
at objects.TrainingSessionPage.fillForm(TrainingSessionPage.java:59)
at testcases.TrainingSession.InputForm(TrainingSession.java:39)
at java.base/java.util.ArrayList.forEach(ArrayList.java:1596)
... Removed 28 stack frames]]>
    </failure>
  </testcase> <!-- InputForm -->
  <testcase classname="general.BaseTest" name="@BeforeSuite beforesuite" time="0.0">
    <ignored/>
  </testcase> <!-- @BeforeSuite beforesuite -->
  <testcase classname="testcases.LoginTests" name="signApplication" time="0.0">
    <ignored/>
  </testcase> <!-- signApplication -->
  <testcase classname="general.BaseTest" name="@AfterSuite tearDown" time="0.0">
    <ignored/>
  </testcase> <!-- @AfterSuite tearDown -->
</testsuite> <!-- Login And Logout -->
